Flutter crash report; please file at https://github.com/flutter/flutter/issues.

## command

flutter run

## exception

ProcessException: ProcessException: Process exited abnormally:
Starting: Intent { act=android.intent.action.RUN flg=0x20000000 cmp=com.demo.flutterwithgraphql/.MainActivity (has extras) }


Exception occurred while executing: Attempt to write to field 'boolean com.android.server.wm.ActivityStack.mConfigWillChange' on a null object reference
java.lang.NullPointerException: Attempt to write to field 'boolean com.android.server.wm.ActivityStack.mConfigWillChange' on a null object reference
	at com.android.server.wm.ActivityStarter.execute(ActivityStarter.java:620)
	at com.android.server.wm.ActivityTaskManagerService.startActivityAsUser(ActivityTaskManagerService.java:1083)
	at com.android.server.wm.ActivityTaskManagerService.startActivityAsUser(ActivityTaskManagerService.java:1055)
	at com.android.server.am.ActivityManagerService.startActivityAsUserWithFeature(ActivityManagerService.java:3574)
	at com.android.server.am.ActivityManagerShellCommand.runStartActivity(ActivityManagerShellCommand.java:544)
	at com.android.server.am.ActivityManagerShellCommand.onCommand(ActivityManagerShellCommand.java:186)
	at android.os.BasicShellCommandHandler.exec(BasicShellCommandHandler.java:98)
	at android.os.ShellCommand.exec(ShellCommand.java:44)
	at com.android.server.am.ActivityManagerService.onShellCommand(ActivityManagerService.java:10292)
	at android.os.Binder.shellCommand(Binder.java:908)
	at android.os.Binder.onTransact(Binder.java:792)
	at android.app.IActivityManager$Stub.onTransact(IActivityManager.java:5038)
	at com.android.server.am.ActivityManagerService.onTransact(ActivityManagerService.java:2783)
	at android.os.Binder.execTransactInternal(Binder.java:1138)
	at android.os.Binder.execTransact(Binder.java:1102)
  Command: C:\Users\binit singh\AppData\Local\Android\Sdk\platform-tools\adb.exe -s emulator-5554 shell am start -a android.intent.action.RUN -f 0x20000000 --ez enable-background-compilation true --ez enable-dart-profiling true --ez enable-checked-mode true --ez verify-entry-points true com.demo.flutterwithgraphql/com.demo.flutterwithgraphql.MainActivity

```
#0      RunResult.throwException (package:flutter_tools/src/base/process.dart:141:5)
#1      _DefaultProcessUtils.run (package:flutter_tools/src/base/process.dart:275:19)
<asynchronous suspension>
#2      AndroidDevice.runAdbCheckedAsync (package:flutter_tools/src/android/android_device.dart:257:25)
#3      AndroidDevice.startApp (package:flutter_tools/src/android/android_device.dart:605:34)
<asynchronous suspension>
#4      FlutterDevice.runHot (package:flutter_tools/src/resident_runner.dart:450:54)
<asynchronous suspension>
#5      HotRunner.run (package:flutter_tools/src/run_hot.dart:266:39)
#6      RunCommand.runCommand (package:flutter_tools/src/commands/run.dart:504:37)
<asynchronous suspension>
#7      FlutterCommand.verifyThenRunCommand (package:flutter_tools/src/runner/flutter_command.dart:615:18)
<asynchronous suspension>
#8      FlutterCommand.run.<anonymous closure> (package:flutter_tools/src/runner/flutter_command.dart:515:33)
<asynchronous suspension>
#9      AppContext.run.<anonymous closure> (package:flutter_tools/src/base/context.dart:146:29)
#10     _rootRun (dart:async/zone.dart:1126:13)
#11     _CustomZone.run (dart:async/zone.dart:1023:19)
#12     _runZoned (dart:async/zone.dart:1518:10)
#13     runZoned (dart:async/zone.dart:1465:12)
#14     AppContext.run (package:flutter_tools/src/base/context.dart:145:18)
#15     FlutterCommand.run (package:flutter_tools/src/runner/flutter_command.dart:505:20)
#16     CommandRunner.runCommand (package:args/command_runner.dart:197:27)
#17     FlutterCommandRunner.runCommand.<anonymous closure> (package:flutter_tools/src/runner/flutter_command_runner.dart:413:21)
<asynchronous suspension>
#18     AppContext.run.<anonymous closure> (package:flutter_tools/src/base/context.dart:146:29)
#19     _rootRun (dart:async/zone.dart:1126:13)
#20     _CustomZone.run (dart:async/zone.dart:1023:19)
#21     _runZoned (dart:async/zone.dart:1518:10)
#22     runZoned (dart:async/zone.dart:1465:12)
#23     AppContext.run (package:flutter_tools/src/base/context.dart:145:18)
#24     FlutterCommandRunner.runCommand (package:flutter_tools/src/runner/flutter_command_runner.dart:364:19)
#25     CommandRunner.run.<anonymous closure> (package:args/command_runner.dart:112:25)
#26     new Future.sync (dart:async/future.dart:224:31)
#27     CommandRunner.run (package:args/command_runner.dart:112:14)
#28     FlutterCommandRunner.run (package:flutter_tools/src/runner/flutter_command_runner.dart:250:18)
#29     run.<anonymous closure>.<anonymous closure> (package:flutter_tools/runner.dart:63:22)
#30     _rootRun (dart:async/zone.dart:1126:13)
#31     _CustomZone.run (dart:async/zone.dart:1023:19)
#32     _runZoned (dart:async/zone.dart:1518:10)
#33     runZoned (dart:async/zone.dart:1502:12)
#34     run.<anonymous closure> (package:flutter_tools/runner.dart:61:18)
<asynchronous suspension>
#35     AppContext.run.<anonymous closure> (package:flutter_tools/src/base/context.dart:146:29)
#36     _rootRun (dart:async/zone.dart:1126:13)
#37     _CustomZone.run (dart:async/zone.dart:1023:19)
#38     _runZoned (dart:async/zone.dart:1518:10)
#39     runZoned (dart:async/zone.dart:1465:12)
#40     AppContext.run (package:flutter_tools/src/base/context.dart:145:18)
#41     runInContext (package:flutter_tools/src/context_runner.dart:64:24)
#42     run (package:flutter_tools/runner.dart:50:10)
#43     main (package:flutter_tools/executable.dart:65:9)
#44     main (file:///C:/Users/binit singh/Desktop/Flutter%20Sdk/flutter_windows_v1.12.13+hotfix.8-stable/flutter/packages/flutter_tools/bin/flutter_tools.dart:8:3)
#45     _startIsolate.<anonymous closure> (dart:isolate-patch/isolate_patch.dart:305:32)
#46     _RawReceivePortImpl._handleMessage (dart:isolate-patch/isolate_patch.dart:174:12)
```

## flutter doctor

```
[32m[✓][39m Flutter (Channel stable, v1.12.13+hotfix.8, on Microsoft Windows [Version 10.0.18362.657], locale en-US)
    [32m•[39m Flutter version 1.12.13+hotfix.8 at C:\Users\binit singh\Desktop\Flutter Sdk\flutter_windows_v1.12.13+hotfix.8-stable\flutter
    [32m•[39m Framework revision 0b8abb4724 (6 weeks ago), 2020-02-11 11:44:36 -0800
    [32m•[39m Engine revision b6b54fd606
    [32m•[39m Dart version 2.7.0

[33m[!][39m Android toolchain - develop for Android devices (Android SDK version 29.0.3)
    [32m•[39m Android SDK at C:\Users\binit singh\AppData\Local\Android\Sdk
    [32m•[39m Android NDK location not configured (optional; useful for native profiling support)
    [32m•[39m Platform android-29, build-tools 29.0.3
    [32m•[39m ANDROID_HOME = C:\Users\binit singh\AppData\Local\Android\Sdk
    [32m•[39m Java binary at: C:\Program Files\Android\Android Studio\jre\bin\java
    [32m•[39m Java version OpenJDK Runtime Environment (build 1.8.0_212-release-1586-b04)
    [31m✗[39m Android license status unknown.
      Try re-installing or updating your Android SDK Manager.
      See https://developer.android.com/studio/#downloads or visit https://flutter.dev/setup/#android-setup for detailed instructions.

[32m[✓][39m Android Studio (version 3.6)
    [32m•[39m Android Studio at C:\Program Files\Android\Android Studio
    [32m•[39m Flutter plugin version 44.0.2
    [32m•[39m Dart plugin version 192.7761
    [32m•[39m Java version OpenJDK Runtime Environment (build 1.8.0_212-release-1586-b04)

[32m[✓][39m VS Code (version 1.42.1)
    [32m•[39m VS Code at C:\Users\binit singh\AppData\Local\Programs\Microsoft VS Code
    [32m•[39m Flutter extension version 3.8.1

[32m[✓][39m Connected device (1 available)
    [32m•[39m sdk gphone x86 • emulator-5554 • android-x86 • Android 10 (API 29) (emulator)

[33m![39m Doctor found issues in 1 category.
```
